2023-09-28 19:43:40,704 P7356 INFO Params: {
    "batch_norm": "False",
    "batch_size": "128",
    "crossing_layers": "3",
    "data_format": "csv",
    "data_root": "../../../data/",
    "dataset_id": "criteo_x4",
    "debug_mode": "False",
    "dnn_activations": "relu",
    "dnn_hidden_units": "[64, 32]",
    "early_stop_patience": "2",
    "embedding_dim": "4",
    "embedding_regularizer": "1e-08",
    "epochs": "1",
    "eval_steps": "None",
    "feature_cols": "[{'name': ['I1', 'I2', 'I3', 'I4', 'I5', 'I6', 'I7', 'I8', 'I9', 'I10', 'I11', 'I12', 'I13'], 'active': True, 'dtype': 'float', 'type': 'categorical', 'preprocess': 'convert_to_bucket', 'na_value': 0}, {'name': ['C1', 'C2', 'C3', 'C4', 'C5', 'C6', 'C7', 'C8', 'C9', 'C10', 'C11', 'C12', 'C13', 'C14', 'C15', 'C16', 'C17', 'C18', 'C19', 'C20', 'C21', 'C22', 'C23', 'C24', 'C25', 'C26'], 'active': True, 'dtype': 'str', 'type': 'categorical', 'na_value': ''}]",
    "feature_config": "None",
    "feature_specs": "None",
    "gpu": "-1",
    "group_id": "None",
    "label_col": "{'name': 'Label', 'dtype': 'float'}",
    "learning_rate": "0.001",
    "loss": "binary_crossentropy",
    "metrics": "['logloss', 'AUC']",
    "min_categr_count": "2",
    "model": "DCN",
    "model_id": "DCN_criteo",
    "model_root": "./checkpoints/",
    "monitor": "AUC",
    "monitor_mode": "max",
    "net_dropout": "0",
    "net_regularizer": "0",
    "num_workers": "3",
    "optimizer": "adam",
    "pickle_feature_encoder": "True",
    "save_best_only": "True",
    "seed": "2019",
    "shuffle": "True",
    "task": "binary_classification",
    "test_data": "../../../data/criteo_x4/test.csv",
    "train_data": "../../../data/criteo_x4/train.csv",
    "use_features": "None",
    "valid_data": "../../../data/criteo_x4/valid.csv",
    "verbose": "1"
}
2023-09-28 19:43:40,704 P7356 INFO Set up feature processor...
2023-09-28 19:43:40,705 P7356 INFO Reading file: ../../../data/criteo_x4/train.csv
