2023-09-28 19:34:23,215 P13348 INFO Params: {
    "batch_norm": "False",
    "batch_size": "128",
    "crossing_layers": "3",
    "data_format": "csv",
    "data_root": "../../../data/",
    "dataset_id": "avazu_x4",
    "debug_mode": "False",
    "dnn_activations": "relu",
    "dnn_hidden_units": "[64, 32]",
    "early_stop_patience": "2",
    "embedding_dim": "4",
    "embedding_regularizer": "1e-08",
    "epochs": "1",
    "eval_steps": "None",
    "feature_config": "None",
    "feature_specs": "None",
    "gpu": "-1",
    "group_id": "None",
    "learning_rate": "0.001",
    "loss": "binary_crossentropy",
    "metrics": "['logloss', 'AUC']",
    "model": "DCN",
    "model_id": "DCN_avazu",
    "model_root": "./checkpoints/",
    "monitor": "AUC",
    "monitor_mode": "max",
    "net_dropout": "0",
    "net_regularizer": "0",
    "num_workers": "3",
    "optimizer": "adam",
    "pickle_feature_encoder": "True",
    "save_best_only": "True",
    "seed": "2019",
    "shuffle": "True",
    "task": "binary_classification",
    "test_data": "../../../data/avazu_x4/test.csv",
    "train_data": "../../../data/avazu_x4/train.csv",
    "use_features": "None",
    "valid_data": "../../../data/avazu_x4/valid.csv",
    "verbose": "1"
}
2023-09-28 19:34:23,216 P13348 INFO Set up feature processor...
2023-09-28 19:34:23,216 P13348 INFO Reading file: ../../../data/avazu_x4/train.csv
2023-09-28 19:34:23,256 P13348 INFO Preprocess feature columns...
2023-09-28 19:34:23,257 P13348 INFO Fit feature processor...
2023-09-28 19:34:23,257 P13348 INFO Set column index...
2023-09-28 19:34:23,257 P13348 INFO Pickle feature_encode: ../../../data/avazu_x4\feature_processor.pkl
2023-09-28 19:34:23,258 P13348 INFO Save feature_vocab to json: ../../../data/avazu_x4\feature_vocab.json
2023-09-28 19:34:23,258 P13348 INFO Save feature_map to json: ../../../data/avazu_x4\feature_map.json
2023-09-28 19:34:23,258 P13348 INFO Set feature processor done.
2023-09-28 19:34:23,259 P13348 INFO Transform feature columns...
2023-09-28 19:34:23,259 P13348 INFO Saving data to h5: ../../../data/avazu_x4\train.h5
2023-09-28 19:34:23,289 P13348 INFO Reading file: ../../../data/avazu_x4/valid.csv
2023-09-28 19:34:23,322 P13348 INFO Preprocess feature columns...
2023-09-28 19:34:23,322 P13348 INFO Transform feature columns...
2023-09-28 19:34:23,322 P13348 INFO Saving data to h5: ../../../data/avazu_x4\valid.h5
2023-09-28 19:34:23,395 P13348 INFO Reading file: ../../../data/avazu_x4/test.csv
2023-09-28 19:34:23,488 P13348 INFO Preprocess feature columns...
2023-09-28 19:34:23,489 P13348 INFO Transform feature columns...
2023-09-28 19:34:23,489 P13348 INFO Saving data to h5: ../../../data/avazu_x4\test.h5
2023-09-28 19:34:23,557 P13348 INFO Transform csv data to h5 done.
2023-09-28 19:34:23,557 P13348 INFO Load feature_map from json: ../../../data/avazu_x4\feature_map.json
2023-09-28 19:34:23,558 P13348 INFO Set column index...
2023-09-28 19:34:23,558 P13348 INFO Feature specs: {}
2023-09-28 19:34:23,579 P13348 INFO Total number of parameters: 2177.
2023-09-28 19:34:23,579 P13348 INFO Loading data...
2023-09-28 19:34:23,579 P13348 INFO Loading data from h5: ../../../data/avazu_x4\train.h5
